2022-04-11 08:33:53,384 [INFO|GUI.MainFrame|MainFrame] enter in constructor of Mainframe 
%2022-04-11 08:33:53,385 [INFO|GUI.MainFrame|MainFrame] enter to the initframe() 
%2022-04-11 08:33:53,442 [INFO|GUI.MainFrame|MainFrame] exit of the initframe() 
%2022-04-11 08:33:53,444 [INFO|GUI.SafheVorod|SafheVorod] enter to the constructor 
%2022-04-11 08:33:53,445 [INFO|GUI.SafheVorod|SafheVorod] enter to the initpanel() 
%2022-04-11 08:33:53,445 [INFO|GUI.SafheVorod|SafheVorod] exit from initpanel() 
%2022-04-11 08:33:53,445 [INFO|GUI.SafheVorod|SafheVorod] enter to the initcom() 
%2022-04-11 08:33:53,493 [INFO|GUI.SafheVorod|SafheVorod] exit from initcom() 
%2022-04-11 08:33:53,493 [INFO|GUI.SafheVorod|SafheVorod] vorood be align() 
%2022-04-11 08:33:53,508 [INFO|GUI.SafheVorod|SafheVorod] khoroj az align() 
%2022-04-11 08:33:53,509 [INFO|GUI.SafheVorod|SafheVorod] exit from constructor 
%2022-04-11 08:33:53,523 [INFO|GUI.MainFrame|MainFrame] vorood be update 
%2022-04-11 08:33:53,528 [INFO|GUI.MainFrame|MainFrame] exit of constructor 
%2022-04-11 08:35:29,059 [INFO|GUI.MainFrame|MainFrame] enter in constructor of Mainframe 
%2022-04-11 08:35:29,061 [INFO|GUI.MainFrame|MainFrame] enter to the initframe() 
%2022-04-11 08:35:29,119 [INFO|GUI.MainFrame|MainFrame] exit of the initframe() 
%2022-04-11 08:35:29,122 [INFO|GUI.SafheVorod|SafheVorod] enter to the constructor 
%2022-04-11 08:35:29,122 [INFO|GUI.SafheVorod|SafheVorod] enter to the initpanel() 
%2022-04-11 08:35:29,123 [INFO|GUI.SafheVorod|SafheVorod] exit from initpanel() 
%2022-04-11 08:35:29,123 [INFO|GUI.SafheVorod|SafheVorod] enter to the initcom() 
%2022-04-11 08:35:29,172 [INFO|GUI.SafheVorod|SafheVorod] exit from initcom() 
%2022-04-11 08:35:29,173 [INFO|GUI.SafheVorod|SafheVorod] vorood be align() 
%2022-04-11 08:35:29,188 [INFO|GUI.SafheVorod|SafheVorod] khoroj az align() 
%2022-04-11 08:35:29,190 [INFO|GUI.SafheVorod|SafheVorod] exit from constructor 
%2022-04-11 08:35:29,205 [INFO|GUI.MainFrame|MainFrame] vorood be update 
%2022-04-11 08:35:29,210 [INFO|GUI.MainFrame|MainFrame] exit of constructor 
%2022-04-11 08:47:55,882 [INFO|GUI.MainFrame|MainFrame] enter in constructor of Mainframe 
%2022-04-11 08:47:55,883 [INFO|GUI.MainFrame|MainFrame] enter to the initframe() 
%2022-04-11 08:47:55,942 [INFO|GUI.MainFrame|MainFrame] exit of the initframe() 
%2022-04-11 08:47:55,945 [INFO|GUI.SafheVorod|SafheVorod] enter to the constructor 
%2022-04-11 08:47:55,945 [INFO|GUI.SafheVorod|SafheVorod] enter to the initpanel() 
%2022-04-11 08:47:55,945 [INFO|GUI.SafheVorod|SafheVorod] exit from initpanel() 
%2022-04-11 08:47:55,945 [INFO|GUI.SafheVorod|SafheVorod] enter to the initcom() 
%2022-04-11 08:47:55,993 [INFO|GUI.SafheVorod|SafheVorod] exit from initcom() 
%2022-04-11 08:47:55,993 [INFO|GUI.SafheVorod|SafheVorod] vorood be align() 
%2022-04-11 08:47:56,009 [INFO|GUI.SafheVorod|SafheVorod] khoroj az align() 
%2022-04-11 08:47:56,011 [INFO|GUI.SafheVorod|SafheVorod] exit from constructor 
%2022-04-11 08:47:56,026 [INFO|GUI.MainFrame|MainFrame] vorood be update 
%2022-04-11 08:47:56,032 [INFO|GUI.MainFrame|MainFrame] exit of constructor 
%2022-04-11 08:48:10,583 [INFO|GUI.SendLoginIngo|SendLoginIngo] enter to the constructor 
%2022-04-11 08:48:10,586 [INFO|LOGIC.Controller|Controller] checked login is :true 
%2022-04-11 08:48:10,587 [INFO|GUI.SafheAsli|SafheAsli] enter to the constructor 
%2022-04-11 08:48:10,588 [INFO|GUI.SafheAsli|SafheAsli] enter to the initpanel() 
%2022-04-11 08:48:10,588 [INFO|GUI.SafheAsli|SafheAsli] exit from initpanel() 
%2022-04-11 08:48:10,591 [INFO|GUI.SafheVorod|SafheVorod$4] vorood karbar 2139dar zamanMon Apr 11 08:48:10 PDT 2022movafaghiat amiz bood 
%2022-04-11 08:55:07,942 [INFO|GUI.MainFrame|MainFrame] enter in constructor of Mainframe 
%2022-04-11 08:55:07,944 [INFO|GUI.MainFrame|MainFrame] enter to the initframe() 
%2022-04-11 08:55:07,998 [INFO|GUI.MainFrame|MainFrame] exit of the initframe() 
%2022-04-11 08:55:08,000 [INFO|GUI.SafheVorod|SafheVorod] enter to the constructor 
%2022-04-11 08:55:08,001 [INFO|GUI.SafheVorod|SafheVorod] enter to the initpanel() 
%2022-04-11 08:55:08,001 [INFO|GUI.SafheVorod|SafheVorod] exit from initpanel() 
%2022-04-11 08:55:08,001 [INFO|GUI.SafheVorod|SafheVorod] enter to the initcom() 
%2022-04-11 08:55:08,036 [INFO|GUI.SafheVorod|SafheVorod] exit from initcom() 
%2022-04-11 08:55:08,036 [INFO|GUI.SafheVorod|SafheVorod] vorood be align() 
%2022-04-11 08:55:08,050 [INFO|GUI.SafheVorod|SafheVorod] khoroj az align() 
%2022-04-11 08:55:08,052 [INFO|GUI.SafheVorod|SafheVorod] exit from constructor 
%2022-04-11 08:55:08,069 [INFO|GUI.MainFrame|MainFrame] vorood be update 
%2022-04-11 08:55:08,074 [INFO|GUI.MainFrame|MainFrame] exit of constructor 
%2022-04-11 08:55:18,074 [INFO|GUI.SendLoginIngo|SendLoginIngo] enter to the constructor 
%2022-04-11 08:55:18,075 [INFO|LOGIC.Controller|Controller] checked login is :true 
%2022-04-11 08:55:18,076 [INFO|GUI.SafheAsli|SafheAsli] enter to the constructor 
%2022-04-11 08:55:18,077 [INFO|GUI.SafheAsli|SafheAsli] enter to the initpanel() 
%2022-04-11 08:55:18,077 [INFO|GUI.SafheAsli|SafheAsli] exit from initpanel() 
%2022-04-11 08:55:18,080 [INFO|GUI.SafheVorod|SafheVorod$4] vorood karbar 0000dar zamanMon Apr 11 08:55:18 PDT 2022movafaghiat amiz bood 
%2022-04-11 08:56:41,834 [INFO|GUI.MainFrame|MainFrame] enter in constructor of Mainframe 
%2022-04-11 08:56:41,836 [INFO|GUI.MainFrame|MainFrame] enter to the initframe() 
%2022-04-11 08:56:41,888 [INFO|GUI.MainFrame|MainFrame] exit of the initframe() 
%2022-04-11 08:56:41,892 [INFO|GUI.SafheVorod|SafheVorod] enter to the constructor 
%2022-04-11 08:56:41,892 [INFO|GUI.SafheVorod|SafheVorod] enter to the initpanel() 
%2022-04-11 08:56:41,892 [INFO|GUI.SafheVorod|SafheVorod] exit from initpanel() 
%2022-04-11 08:56:41,893 [INFO|GUI.SafheVorod|SafheVorod] enter to the initcom() 
%2022-04-11 08:56:41,924 [INFO|GUI.SafheVorod|SafheVorod] exit from initcom() 
%2022-04-11 08:56:41,924 [INFO|GUI.SafheVorod|SafheVorod] vorood be align() 
%2022-04-11 08:56:41,939 [INFO|GUI.SafheVorod|SafheVorod] khoroj az align() 
%2022-04-11 08:56:41,942 [INFO|GUI.SafheVorod|SafheVorod] exit from constructor 
%2022-04-11 08:56:41,957 [INFO|GUI.MainFrame|MainFrame] vorood be update 
%2022-04-11 08:56:41,962 [INFO|GUI.MainFrame|MainFrame] exit of constructor 
%2022-04-11 08:56:53,526 [INFO|GUI.SendLoginIngo|SendLoginIngo] enter to the constructor 
%2022-04-11 08:56:53,528 [INFO|LOGIC.Controller|Controller] checked login is :true 
%2022-04-11 08:56:53,529 [INFO|GUI.SafheAsli|SafheAsli] enter to the constructor 
%2022-04-11 08:56:53,530 [INFO|GUI.SafheAsli|SafheAsli] enter to the initpanel() 
%2022-04-11 08:56:53,530 [INFO|GUI.SafheAsli|SafheAsli] exit from initpanel() 
%2022-04-11 08:56:53,533 [INFO|GUI.SafheVorod|SafheVorod$4] vorood karbar 0000dar zamanMon Apr 11 08:56:53 PDT 2022movafaghiat amiz bood 
%2022-04-11 08:57:52,076 [INFO|GUI.MainFrame|MainFrame] enter in constructor of Mainframe 
%2022-04-11 08:57:52,078 [INFO|GUI.MainFrame|MainFrame] enter to the initframe() 
%2022-04-11 08:57:52,133 [INFO|GUI.MainFrame|MainFrame] exit of the initframe() 
%2022-04-11 08:57:52,136 [INFO|GUI.SafheVorod|SafheVorod] enter to the constructor 
%2022-04-11 08:57:52,136 [INFO|GUI.SafheVorod|SafheVorod] enter to the initpanel() 
%2022-04-11 08:57:52,136 [INFO|GUI.SafheVorod|SafheVorod] exit from initpanel() 
%2022-04-11 08:57:52,136 [INFO|GUI.SafheVorod|SafheVorod] enter to the initcom() 
%2022-04-11 08:57:52,170 [INFO|GUI.SafheVorod|SafheVorod] exit from initcom() 
%2022-04-11 08:57:52,170 [INFO|GUI.SafheVorod|SafheVorod] vorood be align() 
%2022-04-11 08:57:52,187 [INFO|GUI.SafheVorod|SafheVorod] khoroj az align() 
%2022-04-11 08:57:52,191 [INFO|GUI.SafheVorod|SafheVorod] exit from constructor 
%2022-04-11 08:57:52,206 [INFO|GUI.MainFrame|MainFrame] vorood be update 
%2022-04-11 08:57:52,210 [INFO|GUI.MainFrame|MainFrame] exit of constructor 
%2022-04-11 08:58:00,703 [INFO|GUI.MainFrame|MainFrame] vorood be update 
%2022-04-11 08:58:00,704 [INFO|GUI.SafheVorod|SafheVorod$3] new capcha is :xoeand counter is1 
%2022-04-11 08:58:03,303 [INFO|GUI.SendLoginIngo|SendLoginIngo] enter to the constructor 
%2022-04-11 08:58:03,306 [INFO|LOGIC.Controller|Controller] checked login is :true 
%2022-04-11 08:58:03,306 [INFO|GUI.SafheAsli|SafheAsli] enter to the constructor 
%2022-04-11 08:58:03,306 [INFO|GUI.SafheAsli|SafheAsli] enter to the initpanel() 
%2022-04-11 08:58:03,307 [INFO|GUI.SafheAsli|SafheAsli] exit from initpanel() 
%2022-04-11 08:58:03,309 [INFO|GUI.SafheVorod|SafheVorod$4] vorood karbar 0000dar zamanMon Apr 11 08:58:03 PDT 2022movafaghiat amiz bood 
%2022-04-11 08:58:16,389 [INFO|GUI.MainFrame|MainFrame] enter in constructor of Mainframe 
%2022-04-11 08:58:16,391 [INFO|GUI.MainFrame|MainFrame] enter to the initframe() 
%2022-04-11 08:58:16,447 [INFO|GUI.MainFrame|MainFrame] exit of the initframe() 
%2022-04-11 08:58:16,449 [INFO|GUI.SafheVorod|SafheVorod] enter to the constructor 
%2022-04-11 08:58:16,450 [INFO|GUI.SafheVorod|SafheVorod] enter to the initpanel() 
%2022-04-11 08:58:16,450 [INFO|GUI.SafheVorod|SafheVorod] exit from initpanel() 
%2022-04-11 08:58:16,450 [INFO|GUI.SafheVorod|SafheVorod] enter to the initcom() 
%2022-04-11 08:58:16,481 [INFO|GUI.SafheVorod|SafheVorod] exit from initcom() 
%2022-04-11 08:58:16,481 [INFO|GUI.SafheVorod|SafheVorod] vorood be align() 
%2022-04-11 08:58:16,498 [INFO|GUI.SafheVorod|SafheVorod] khoroj az align() 
%2022-04-11 08:58:16,500 [INFO|GUI.SafheVorod|SafheVorod] exit from constructor 
%2022-04-11 08:58:16,515 [INFO|GUI.MainFrame|MainFrame] vorood be update 
%2022-04-11 08:58:16,520 [INFO|GUI.MainFrame|MainFrame] exit of constructor 
%2022-04-11 08:58:26,352 [INFO|GUI.SendLoginIngo|SendLoginIngo] enter to the constructor 
%2022-04-11 08:58:26,354 [INFO|LOGIC.Controller|Controller] checked login is :true 
%2022-04-11 08:58:26,355 [INFO|GUI.SafheAsli|SafheAsli] enter to the constructor 
%2022-04-11 08:58:26,356 [INFO|GUI.SafheAsli|SafheAsli] enter to the initpanel() 
%2022-04-11 08:58:26,356 [INFO|GUI.SafheAsli|SafheAsli] exit from initpanel() 
%2022-04-11 08:58:26,359 [INFO|GUI.SafheVorod|SafheVorod$4] vorood karbar 0000dar zamanMon Apr 11 08:58:26 PDT 2022movafaghiat amiz bood 
%2022-04-11 09:17:48,811 [INFO|GUI.MainFrame|MainFrame] enter in constructor of Mainframe 
%2022-04-11 09:17:48,812 [INFO|GUI.MainFrame|MainFrame] enter to the initframe() 
%2022-04-11 09:17:48,869 [INFO|GUI.MainFrame|MainFrame] exit of the initframe() 
%2022-04-11 09:17:48,872 [INFO|GUI.SafheVorod|SafheVorod] enter to the constructor 
%2022-04-11 09:17:48,872 [INFO|GUI.SafheVorod|SafheVorod] enter to the initpanel() 
%2022-04-11 09:17:48,873 [INFO|GUI.SafheVorod|SafheVorod] exit from initpanel() 
%2022-04-11 09:17:48,873 [INFO|GUI.SafheVorod|SafheVorod] enter to the initcom() 
%2022-04-11 09:17:48,906 [INFO|GUI.SafheVorod|SafheVorod] exit from initcom() 
%2022-04-11 09:17:48,906 [INFO|GUI.SafheVorod|SafheVorod] vorood be align() 
%2022-04-11 09:17:48,922 [INFO|GUI.SafheVorod|SafheVorod] khoroj az align() 
%2022-04-11 09:17:48,923 [INFO|GUI.SafheVorod|SafheVorod] exit from constructor 
%2022-04-11 09:17:48,939 [INFO|GUI.MainFrame|MainFrame] vorood be update 
%2022-04-11 09:17:48,944 [INFO|GUI.MainFrame|MainFrame] exit of constructor 
%2022-04-11 09:17:59,532 [INFO|GUI.MainFrame|MainFrame] vorood be update 
%2022-04-11 09:17:59,532 [INFO|GUI.SafheVorod|SafheVorod$3] new capcha is :xoeand counter is1 
%2022-04-11 09:17:59,765 [INFO|GUI.MainFrame|MainFrame] vorood be update 
%2022-04-11 09:17:59,766 [INFO|GUI.SafheVorod|SafheVorod$3] new capcha is :plsand counter is2 
%2022-04-11 09:18:05,260 [INFO|GUI.SendLoginIngo|SendLoginIngo] enter to the constructor 
%2022-04-11 09:18:05,262 [INFO|LOGIC.Controller|Controller] checked login is :true 
%2022-04-11 09:18:05,263 [INFO|GUI.SafheAsli|SafheAsli] enter to the constructor 
%2022-04-11 09:18:05,263 [INFO|GUI.SafheAsli|SafheAsli] enter to the initpanel() 
%2022-04-11 09:18:05,263 [INFO|GUI.SafheAsli|SafheAsli] exit from initpanel() 
%2022-04-11 09:18:05,267 [INFO|GUI.SafheVorod|SafheVorod$4] vorood karbar 0000dar zamanMon Apr 11 09:18:05 PDT 2022movafaghiat amiz bood 
%2022-04-11 09:18:06,892 [INFO|GUI.MainFrame|MainFrame] enter in constructor of Mainframe 
%2022-04-11 09:18:06,892 [INFO|GUI.MainFrame|MainFrame] enter to the initframe() 
%2022-04-11 09:18:06,915 [INFO|GUI.MainFrame|MainFrame] exit of the initframe() 
%2022-04-11 09:18:06,916 [INFO|GUI.SafheVorod|SafheVorod] enter to the constructor 
%2022-04-11 09:18:06,916 [INFO|GUI.SafheVorod|SafheVorod] enter to the initpanel() 
%2022-04-11 09:18:06,916 [INFO|GUI.SafheVorod|SafheVorod] exit from initpanel() 
%2022-04-11 09:18:06,916 [INFO|GUI.SafheVorod|SafheVorod] enter to the initcom() 
%2022-04-11 09:18:06,921 [INFO|GUI.SafheVorod|SafheVorod] exit from initcom() 
%2022-04-11 09:18:06,921 [INFO|GUI.SafheVorod|SafheVorod] vorood be align() 
%2022-04-11 09:18:06,922 [INFO|GUI.SafheVorod|SafheVorod] khoroj az align() 
%2022-04-11 09:18:06,922 [INFO|GUI.SafheVorod|SafheVorod] exit from constructor 
%2022-04-11 09:18:06,924 [INFO|GUI.MainFrame|MainFrame] vorood be update 
%2022-04-11 09:18:06,925 [INFO|GUI.MainFrame|MainFrame] exit of constructor 
%2022-04-11 09:18:06,926 [INFO|GUI.SafheVorod|SafheVorod] enter to the constructor 
%2022-04-11 09:18:06,926 [INFO|GUI.SafheVorod|SafheVorod] enter to the initpanel() 
%2022-04-11 09:18:06,926 [INFO|GUI.SafheVorod|SafheVorod] exit from initpanel() 
%2022-04-11 09:18:06,926 [INFO|GUI.SafheVorod|SafheVorod] enter to the initcom() 
%2022-04-11 09:18:06,935 [INFO|GUI.SafheVorod|SafheVorod] exit from initcom() 
%2022-04-11 09:18:06,935 [INFO|GUI.SafheVorod|SafheVorod] vorood be align() 
%2022-04-11 09:18:06,936 [INFO|GUI.SafheVorod|SafheVorod] khoroj az align() 
%2022-04-11 09:18:06,936 [INFO|GUI.SafheVorod|SafheVorod] exit from constructor 
%2022-04-11 09:37:17,051 [INFO|GUI.MainFrame|MainFrame] enter in constructor of Mainframe 
%2022-04-11 09:37:17,053 [INFO|GUI.MainFrame|MainFrame] enter to the initframe() 
%2022-04-11 09:37:17,121 [INFO|GUI.MainFrame|MainFrame] exit of the initframe() 
%2022-04-11 09:37:17,126 [INFO|GUI.SafheVorod|SafheVorod] enter to the constructor 
%2022-04-11 09:37:17,126 [INFO|GUI.SafheVorod|SafheVorod] enter to the initpanel() 
%2022-04-11 09:37:17,127 [INFO|GUI.SafheVorod|SafheVorod] exit from initpanel() 
%2022-04-11 09:37:17,127 [INFO|GUI.SafheVorod|SafheVorod] enter to the initcom() 
%2022-04-11 09:37:17,170 [INFO|GUI.SafheVorod|SafheVorod] exit from initcom() 
%2022-04-11 09:37:17,170 [INFO|GUI.SafheVorod|SafheVorod] vorood be align() 
%2022-04-11 09:37:17,189 [INFO|GUI.SafheVorod|SafheVorod] khoroj az align() 
%2022-04-11 09:37:17,191 [INFO|GUI.SafheVorod|SafheVorod] exit from constructor 
%2022-04-11 09:37:17,205 [INFO|GUI.MainFrame|MainFrame] vorood be update 
%2022-04-11 09:37:17,210 [INFO|GUI.MainFrame|MainFrame] exit of constructor 
%2022-04-11 09:37:26,038 [INFO|GUI.SendLoginIngo|SendLoginIngo] enter to the constructor 
%2022-04-11 09:37:26,040 [INFO|LOGIC.Controller|Controller] checked login is :true 
%2022-04-11 09:37:26,041 [INFO|GUI.SafheAsli|SafheAsli] enter to the constructor 
%2022-04-11 09:37:26,042 [INFO|GUI.SafheAsli|SafheAsli] enter to the initpanel() 
%2022-04-11 09:37:26,042 [INFO|GUI.SafheAsli|SafheAsli] exit from initpanel() 
%2022-04-11 09:37:26,045 [INFO|GUI.SafheVorod|SafheVorod$4] vorood karbar 0000dar zamanMon Apr 11 09:37:25 PDT 2022movafaghiat amiz bood 
%2022-04-11 09:37:27,248 [INFO|GUI.SafheVorod|SafheVorod] enter to the constructor 
%2022-04-11 09:37:27,249 [INFO|GUI.SafheVorod|SafheVorod] enter to the initpanel() 
%2022-04-11 09:37:27,249 [INFO|GUI.SafheVorod|SafheVorod] exit from initpanel() 
%2022-04-11 09:37:27,249 [INFO|GUI.SafheVorod|SafheVorod] enter to the initcom() 
%2022-04-11 09:37:27,260 [INFO|GUI.SafheVorod|SafheVorod] exit from initcom() 
%2022-04-11 09:37:27,260 [INFO|GUI.SafheVorod|SafheVorod] vorood be align() 
%2022-04-11 09:37:27,261 [INFO|GUI.SafheVorod|SafheVorod] khoroj az align() 
%2022-04-11 09:37:27,261 [INFO|GUI.SafheVorod|SafheVorod] exit from constructor 
%2022-04-11 09:38:21,457 [INFO|GUI.MainFrame|MainFrame] enter in constructor of Mainframe 
%2022-04-11 09:38:21,459 [INFO|GUI.MainFrame|MainFrame] enter to the initframe() 
%2022-04-11 09:38:21,516 [INFO|GUI.MainFrame|MainFrame] exit of the initframe() 
%2022-04-11 09:38:21,519 [INFO|GUI.SafheVorod|SafheVorod] enter to the constructor 
%2022-04-11 09:38:21,519 [INFO|GUI.SafheVorod|SafheVorod] enter to the initpanel() 
%2022-04-11 09:38:21,520 [INFO|GUI.SafheVorod|SafheVorod] exit from initpanel() 
%2022-04-11 09:38:21,520 [INFO|GUI.SafheVorod|SafheVorod] enter to the initcom() 
%2022-04-11 09:38:21,558 [INFO|GUI.SafheVorod|SafheVorod] exit from initcom() 
%2022-04-11 09:38:21,558 [INFO|GUI.SafheVorod|SafheVorod] vorood be align() 
%2022-04-11 09:38:21,573 [INFO|GUI.SafheVorod|SafheVorod] khoroj az align() 
%2022-04-11 09:38:21,575 [INFO|GUI.SafheVorod|SafheVorod] exit from constructor 
%2022-04-11 09:38:21,590 [INFO|GUI.MainFrame|MainFrame] vorood be update 
%2022-04-11 09:38:21,596 [INFO|GUI.MainFrame|MainFrame] exit of constructor 
%2022-04-11 09:38:36,790 [INFO|GUI.SendLoginIngo|SendLoginIngo] enter to the constructor 
%2022-04-11 09:38:36,792 [INFO|LOGIC.Controller|Controller] checked login is :true 
%2022-04-11 09:38:36,792 [INFO|GUI.SafheAsli|SafheAsli] enter to the constructor 
%2022-04-11 09:38:36,793 [INFO|GUI.SafheAsli|SafheAsli] enter to the initpanel() 
%2022-04-11 09:38:36,793 [INFO|GUI.SafheAsli|SafheAsli] exit from initpanel() 
%2022-04-11 09:38:36,797 [INFO|GUI.SafheVorod|SafheVorod$4] vorood karbar 0000dar zamanMon Apr 11 09:38:36 PDT 2022movafaghiat amiz bood 
%2022-04-11 09:38:37,846 [INFO|GUI.SafheVorod|SafheVorod] enter to the constructor 
%2022-04-11 09:38:37,846 [INFO|GUI.SafheVorod|SafheVorod] enter to the initpanel() 
%2022-04-11 09:38:37,846 [INFO|GUI.SafheVorod|SafheVorod] exit from initpanel() 
%2022-04-11 09:38:37,846 [INFO|GUI.SafheVorod|SafheVorod] enter to the initcom() 
%2022-04-11 09:38:37,857 [INFO|GUI.SafheVorod|SafheVorod] exit from initcom() 
%2022-04-11 09:38:37,857 [INFO|GUI.SafheVorod|SafheVorod] vorood be align() 
%2022-04-11 09:38:37,858 [INFO|GUI.SafheVorod|SafheVorod] khoroj az align() 
%2022-04-11 09:38:37,858 [INFO|GUI.SafheVorod|SafheVorod] exit from constructor 
%