2022-04-14 10:01:44,430 [INFO|GUI.MainFrame|MainFrame] enter in constructor of Mainframe 
%2022-04-14 10:01:44,432 [INFO|GUI.MainFrame|MainFrame] enter to the initframe() 
%2022-04-14 10:01:44,509 [INFO|GUI.MainFrame|MainFrame] exit of the initframe() 
%2022-04-14 10:01:44,513 [INFO|GUI.SafheVorod|SafheVorod] enter to the constructor 
%2022-04-14 10:01:44,513 [INFO|GUI.SafheVorod|SafheVorod] enter to the initpanel() 
%2022-04-14 10:01:44,513 [INFO|GUI.SafheVorod|SafheVorod] exit from initpanel() 
%2022-04-14 10:01:44,513 [INFO|GUI.SafheVorod|SafheVorod] enter to the initcom() 
%2022-04-14 10:01:44,560 [INFO|GUI.SafheVorod|SafheVorod] exit from initcom() 
%2022-04-14 10:01:44,560 [INFO|GUI.SafheVorod|SafheVorod] vorood be align() 
%2022-04-14 10:01:44,583 [INFO|GUI.SafheVorod|SafheVorod] khoroj az align() 
%2022-04-14 10:01:44,621 [INFO|GUI.SafheVorod|SafheVorod] exit from constructor 
%2022-04-14 10:01:44,637 [INFO|GUI.MainFrame|MainFrame] vorood be update 
%2022-04-14 10:01:44,642 [INFO|GUI.MainFrame|MainFrame] exit of constructor 
%2022-04-14 10:01:49,119 [INFO|GUI.SendLoginInfo|SendLoginInfo] enter to the constructor 
%2022-04-14 10:01:49,121 [INFO|LOGIC.Controller|Controller] checked login is :true 
%2022-04-14 10:01:49,123 [INFO|GUI.SafheAsli|SafheAsli] enter to the constructor 
%2022-04-14 10:01:49,123 [INFO|GUI.SafheAsli|SafheAsli] enter to the initpanel() 
%2022-04-14 10:01:49,124 [INFO|GUI.SafheAsli|SafheAsli] exit from initpanel() 
%2022-04-14 10:01:49,233 [INFO|GUI.SafheVorod|SafheVorod$4] vorood karbar 00dar zamanThu Apr 14 10:01:49 PDT 2022movafaghiat amiz bood 
%2022-04-14 10:01:56,538 [INFO|GUI.SafheAddDaneshjoo|SafheAddDaneshjoo] safhe addDaneshjoo sakhte shod 
%2022-04-14 10:01:56,613 [INFO|GUI.SafheOstad|SafheMoaven$1] zirmenu adduDaneshjoo 
%2022-04-14 10:02:16,693 [INFO|GUI.MainFrame|MainFrame] enter in constructor of Mainframe 
%2022-04-14 10:02:16,695 [INFO|GUI.MainFrame|MainFrame] enter to the initframe() 
%2022-04-14 10:02:16,757 [INFO|GUI.MainFrame|MainFrame] exit of the initframe() 
%2022-04-14 10:02:16,761 [INFO|GUI.SafheVorod|SafheVorod] enter to the constructor 
%2022-04-14 10:02:16,761 [INFO|GUI.SafheVorod|SafheVorod] enter to the initpanel() 
%2022-04-14 10:02:16,761 [INFO|GUI.SafheVorod|SafheVorod] exit from initpanel() 
%2022-04-14 10:02:16,761 [INFO|GUI.SafheVorod|SafheVorod] enter to the initcom() 
%2022-04-14 10:02:16,790 [INFO|GUI.SafheVorod|SafheVorod] exit from initcom() 
%2022-04-14 10:02:16,791 [INFO|GUI.SafheVorod|SafheVorod] vorood be align() 
%2022-04-14 10:02:16,809 [INFO|GUI.SafheVorod|SafheVorod] khoroj az align() 
%2022-04-14 10:02:16,813 [INFO|GUI.SafheVorod|SafheVorod] exit from constructor 
%2022-04-14 10:02:16,829 [INFO|GUI.MainFrame|MainFrame] vorood be update 
%2022-04-14 10:02:16,834 [INFO|GUI.MainFrame|MainFrame] exit of constructor 
%2022-04-14 10:02:23,769 [INFO|GUI.SendLoginInfo|SendLoginInfo] enter to the constructor 
%2022-04-14 10:02:23,771 [INFO|LOGIC.Controller|Controller] checked login is :true 
%2022-04-14 10:02:23,771 [INFO|GUI.SafheAsli|SafheAsli] enter to the constructor 
%2022-04-14 10:02:23,772 [INFO|GUI.SafheAsli|SafheAsli] enter to the initpanel() 
%2022-04-14 10:02:23,772 [INFO|GUI.SafheAsli|SafheAsli] exit from initpanel() 
%2022-04-14 10:02:23,784 [INFO|GUI.SafheVorod|SafheVorod$4] vorood karbar 00dar zamanThu Apr 14 10:02:23 PDT 2022movafaghiat amiz bood 
%2022-04-14 10:02:25,767 [INFO|GUI.SafheAddOstad|SafheAddOstad] safhe addOstad sakhte shod 
%2022-04-14 10:02:25,821 [INFO|GUI.SafheOstad|SafheMoaven$2] enter to the addOstad 
%2022-04-14 10:04:12,278 [INFO|GUI.MainFrame|MainFrame] enter in constructor of Mainframe 
%2022-04-14 10:04:12,280 [INFO|GUI.MainFrame|MainFrame] enter to the initframe() 
%2022-04-14 10:04:12,347 [INFO|GUI.MainFrame|MainFrame] exit of the initframe() 
%2022-04-14 10:04:12,351 [INFO|GUI.SafheVorod|SafheVorod] enter to the constructor 
%2022-04-14 10:04:12,351 [INFO|GUI.SafheVorod|SafheVorod] enter to the initpanel() 
%2022-04-14 10:04:12,352 [INFO|GUI.SafheVorod|SafheVorod] exit from initpanel() 
%2022-04-14 10:04:12,352 [INFO|GUI.SafheVorod|SafheVorod] enter to the initcom() 
%2022-04-14 10:04:12,387 [INFO|GUI.SafheVorod|SafheVorod] exit from initcom() 
%2022-04-14 10:04:12,387 [INFO|GUI.SafheVorod|SafheVorod] vorood be align() 
%2022-04-14 10:04:12,405 [INFO|GUI.SafheVorod|SafheVorod] khoroj az align() 
%2022-04-14 10:04:12,408 [INFO|GUI.SafheVorod|SafheVorod] exit from constructor 
%2022-04-14 10:04:12,423 [INFO|GUI.MainFrame|MainFrame] vorood be update 
%2022-04-14 10:04:12,428 [INFO|GUI.MainFrame|MainFrame] exit of constructor 
%2022-04-14 10:04:17,165 [INFO|GUI.SendLoginInfo|SendLoginInfo] enter to the constructor 
%2022-04-14 10:04:17,167 [INFO|LOGIC.Controller|Controller] checked login is :true 
%2022-04-14 10:04:17,168 [INFO|GUI.SafheAsli|SafheAsli] enter to the constructor 
%2022-04-14 10:04:17,169 [INFO|GUI.SafheAsli|SafheAsli] enter to the initpanel() 
%2022-04-14 10:04:17,169 [INFO|GUI.SafheAsli|SafheAsli] exit from initpanel() 
%2022-04-14 10:04:17,182 [INFO|GUI.SafheVorod|SafheVorod$4] vorood karbar 00dar zamanThu Apr 14 10:04:17 PDT 2022movafaghiat amiz bood 
%2022-04-14 10:05:13,575 [INFO|GUI.MainFrame|MainFrame] enter in constructor of Mainframe 
%2022-04-14 10:05:13,576 [INFO|GUI.MainFrame|MainFrame] enter to the initframe() 
%2022-04-14 10:05:13,642 [INFO|GUI.MainFrame|MainFrame] exit of the initframe() 
%2022-04-14 10:05:13,644 [INFO|GUI.SafheVorod|SafheVorod] enter to the constructor 
%2022-04-14 10:05:13,644 [INFO|GUI.SafheVorod|SafheVorod] enter to the initpanel() 
%2022-04-14 10:05:13,645 [INFO|GUI.SafheVorod|SafheVorod] exit from initpanel() 
%2022-04-14 10:05:13,645 [INFO|GUI.SafheVorod|SafheVorod] enter to the initcom() 
%2022-04-14 10:05:13,676 [INFO|GUI.SafheVorod|SafheVorod] exit from initcom() 
%2022-04-14 10:05:13,676 [INFO|GUI.SafheVorod|SafheVorod] vorood be align() 
%2022-04-14 10:05:13,691 [INFO|GUI.SafheVorod|SafheVorod] khoroj az align() 
%2022-04-14 10:05:13,693 [INFO|GUI.SafheVorod|SafheVorod] exit from constructor 
%2022-04-14 10:05:13,707 [INFO|GUI.MainFrame|MainFrame] vorood be update 
%2022-04-14 10:05:13,712 [INFO|GUI.MainFrame|MainFrame] exit of constructor 
%2022-04-14 10:05:17,533 [INFO|GUI.SendLoginInfo|SendLoginInfo] enter to the constructor 
%2022-04-14 10:05:17,535 [INFO|LOGIC.Controller|Controller] checked login is :true 
%2022-04-14 10:05:17,536 [INFO|GUI.SafheAsli|SafheAsli] enter to the constructor 
%2022-04-14 10:05:17,537 [INFO|GUI.SafheAsli|SafheAsli] enter to the initpanel() 
%2022-04-14 10:05:17,537 [INFO|GUI.SafheAsli|SafheAsli] exit from initpanel() 
%2022-04-14 10:05:17,548 [INFO|GUI.SafheVorod|SafheVorod$4] vorood karbar 00dar zamanThu Apr 14 10:05:17 PDT 2022movafaghiat amiz bood 
%2022-04-14 10:05:36,971 [INFO|GUI.MainFrame|MainFrame] enter in constructor of Mainframe 
%2022-04-14 10:05:36,973 [INFO|GUI.MainFrame|MainFrame] enter to the initframe() 
%2022-04-14 10:05:37,035 [INFO|GUI.MainFrame|MainFrame] exit of the initframe() 
%2022-04-14 10:05:37,038 [INFO|GUI.SafheVorod|SafheVorod] enter to the constructor 
%2022-04-14 10:05:37,038 [INFO|GUI.SafheVorod|SafheVorod] enter to the initpanel() 
%2022-04-14 10:05:37,038 [INFO|GUI.SafheVorod|SafheVorod] exit from initpanel() 
%2022-04-14 10:05:37,038 [INFO|GUI.SafheVorod|SafheVorod] enter to the initcom() 
%2022-04-14 10:05:37,065 [INFO|GUI.SafheVorod|SafheVorod] exit from initcom() 
%2022-04-14 10:05:37,065 [INFO|GUI.SafheVorod|SafheVorod] vorood be align() 
%2022-04-14 10:05:37,079 [INFO|GUI.SafheVorod|SafheVorod] khoroj az align() 
%2022-04-14 10:05:37,083 [INFO|GUI.SafheVorod|SafheVorod] exit from constructor 
%2022-04-14 10:05:37,099 [INFO|GUI.MainFrame|MainFrame] vorood be update 
%2022-04-14 10:05:37,105 [INFO|GUI.MainFrame|MainFrame] exit of constructor 
%2022-04-14 10:05:41,153 [INFO|GUI.SendLoginInfo|SendLoginInfo] enter to the constructor 
%2022-04-14 10:05:41,155 [INFO|LOGIC.Controller|Controller] checked login is :true 
%2022-04-14 10:05:41,156 [INFO|GUI.SafheAsli|SafheAsli] enter to the constructor 
%2022-04-14 10:05:41,156 [INFO|GUI.SafheAsli|SafheAsli] enter to the initpanel() 
%2022-04-14 10:05:41,157 [INFO|GUI.SafheAsli|SafheAsli] exit from initpanel() 
%2022-04-14 10:05:41,169 [INFO|GUI.SafheVorod|SafheVorod$4] vorood karbar 00dar zamanThu Apr 14 10:05:41 PDT 2022movafaghiat amiz bood 
%2022-04-14 10:05:52,970 [INFO|GUI.MainFrame|MainFrame] enter in constructor of Mainframe 
%2022-04-14 10:05:52,972 [INFO|GUI.MainFrame|MainFrame] enter to the initframe() 
%2022-04-14 10:05:53,040 [INFO|GUI.MainFrame|MainFrame] exit of the initframe() 
%2022-04-14 10:05:53,044 [INFO|GUI.SafheVorod|SafheVorod] enter to the constructor 
%2022-04-14 10:05:53,044 [INFO|GUI.SafheVorod|SafheVorod] enter to the initpanel() 
%2022-04-14 10:05:53,045 [INFO|GUI.SafheVorod|SafheVorod] exit from initpanel() 
%2022-04-14 10:05:53,046 [INFO|GUI.SafheVorod|SafheVorod] enter to the initcom() 
%2022-04-14 10:05:53,078 [INFO|GUI.SafheVorod|SafheVorod] exit from initcom() 
%2022-04-14 10:05:53,079 [INFO|GUI.SafheVorod|SafheVorod] vorood be align() 
%2022-04-14 10:05:53,096 [INFO|GUI.SafheVorod|SafheVorod] khoroj az align() 
%2022-04-14 10:05:53,099 [INFO|GUI.SafheVorod|SafheVorod] exit from constructor 
%2022-04-14 10:05:53,114 [INFO|GUI.MainFrame|MainFrame] vorood be update 
%2022-04-14 10:05:53,120 [INFO|GUI.MainFrame|MainFrame] exit of constructor 
%2022-04-14 10:05:58,194 [INFO|GUI.SendLoginInfo|SendLoginInfo] enter to the constructor 
%2022-04-14 10:05:58,196 [INFO|LOGIC.Controller|Controller] checked login is :true 
%2022-04-14 10:05:58,196 [INFO|GUI.SafheAsli|SafheAsli] enter to the constructor 
%2022-04-14 10:05:58,197 [INFO|GUI.SafheAsli|SafheAsli] enter to the initpanel() 
%2022-04-14 10:05:58,197 [INFO|GUI.SafheAsli|SafheAsli] exit from initpanel() 
%2022-04-14 10:05:58,209 [INFO|GUI.SafheVorod|SafheVorod$4] vorood karbar 00dar zamanThu Apr 14 10:05:58 PDT 2022movafaghiat amiz bood 
%2022-04-14 10:06:21,264 [INFO|GUI.MainFrame|MainFrame] enter in constructor of Mainframe 
%2022-04-14 10:06:21,266 [INFO|GUI.MainFrame|MainFrame] enter to the initframe() 
%2022-04-14 10:06:21,330 [INFO|GUI.MainFrame|MainFrame] exit of the initframe() 
%2022-04-14 10:06:21,333 [INFO|GUI.SafheVorod|SafheVorod] enter to the constructor 
%2022-04-14 10:06:21,333 [INFO|GUI.SafheVorod|SafheVorod] enter to the initpanel() 
%2022-04-14 10:06:21,334 [INFO|GUI.SafheVorod|SafheVorod] exit from initpanel() 
%2022-04-14 10:06:21,335 [INFO|GUI.SafheVorod|SafheVorod] enter to the initcom() 
%2022-04-14 10:06:21,370 [INFO|GUI.SafheVorod|SafheVorod] exit from initcom() 
%2022-04-14 10:06:21,370 [INFO|GUI.SafheVorod|SafheVorod] vorood be align() 
%2022-04-14 10:06:21,387 [INFO|GUI.SafheVorod|SafheVorod] khoroj az align() 
%2022-04-14 10:06:21,390 [INFO|GUI.SafheVorod|SafheVorod] exit from constructor 
%2022-04-14 10:06:21,405 [INFO|GUI.MainFrame|MainFrame] vorood be update 
%2022-04-14 10:06:21,410 [INFO|GUI.MainFrame|MainFrame] exit of constructor 
%2022-04-14 10:06:25,537 [INFO|GUI.SendLoginInfo|SendLoginInfo] enter to the constructor 
%2022-04-14 10:06:25,539 [INFO|LOGIC.Controller|Controller] checked login is :true 
%2022-04-14 10:06:25,540 [INFO|GUI.SafheAsli|SafheAsli] enter to the constructor 
%2022-04-14 10:06:25,540 [INFO|GUI.SafheAsli|SafheAsli] enter to the initpanel() 
%2022-04-14 10:06:25,541 [INFO|GUI.SafheAsli|SafheAsli] exit from initpanel() 
%2022-04-14 10:06:25,553 [INFO|GUI.SafheVorod|SafheVorod$4] vorood karbar 00dar zamanThu Apr 14 10:06:25 PDT 2022movafaghiat amiz bood 
%2022-04-14 10:06:39,229 [INFO|GUI.MainFrame|MainFrame] enter in constructor of Mainframe 
%2022-04-14 10:06:39,231 [INFO|GUI.MainFrame|MainFrame] enter to the initframe() 
%2022-04-14 10:06:39,297 [INFO|GUI.MainFrame|MainFrame] exit of the initframe() 
%2022-04-14 10:06:39,301 [INFO|GUI.SafheVorod|SafheVorod] enter to the constructor 
%2022-04-14 10:06:39,302 [INFO|GUI.SafheVorod|SafheVorod] enter to the initpanel() 
%2022-04-14 10:06:39,303 [INFO|GUI.SafheVorod|SafheVorod] exit from initpanel() 
%2022-04-14 10:06:39,303 [INFO|GUI.SafheVorod|SafheVorod] enter to the initcom() 
%2022-04-14 10:06:39,338 [INFO|GUI.SafheVorod|SafheVorod] exit from initcom() 
%2022-04-14 10:06:39,338 [INFO|GUI.SafheVorod|SafheVorod] vorood be align() 
%2022-04-14 10:06:39,354 [INFO|GUI.SafheVorod|SafheVorod] khoroj az align() 
%2022-04-14 10:06:39,357 [INFO|GUI.SafheVorod|SafheVorod] exit from constructor 
%2022-04-14 10:06:39,371 [INFO|GUI.MainFrame|MainFrame] vorood be update 
%2022-04-14 10:06:39,375 [INFO|GUI.MainFrame|MainFrame] exit of constructor 
%2022-04-14 10:06:43,379 [INFO|GUI.SendLoginInfo|SendLoginInfo] enter to the constructor 
%2022-04-14 10:06:43,381 [INFO|LOGIC.Controller|Controller] checked login is :true 
%2022-04-14 10:06:43,381 [INFO|GUI.SafheAsli|SafheAsli] enter to the constructor 
%2022-04-14 10:06:43,382 [INFO|GUI.SafheAsli|SafheAsli] enter to the initpanel() 
%2022-04-14 10:06:43,382 [INFO|GUI.SafheAsli|SafheAsli] exit from initpanel() 
%2022-04-14 10:06:43,394 [INFO|GUI.SafheVorod|SafheVorod$4] vorood karbar 00dar zamanThu Apr 14 10:06:43 PDT 2022movafaghiat amiz bood 
%2022-04-14 10:07:21,233 [INFO|GUI.MainFrame|MainFrame] enter in constructor of Mainframe 
%2022-04-14 10:07:21,234 [INFO|GUI.MainFrame|MainFrame] enter to the initframe() 
%2022-04-14 10:07:21,295 [INFO|GUI.MainFrame|MainFrame] exit of the initframe() 
%2022-04-14 10:07:21,298 [INFO|GUI.SafheVorod|SafheVorod] enter to the constructor 
%2022-04-14 10:07:21,298 [INFO|GUI.SafheVorod|SafheVorod] enter to the initpanel() 
%2022-04-14 10:07:21,298 [INFO|GUI.SafheVorod|SafheVorod] exit from initpanel() 
%2022-04-14 10:07:21,298 [INFO|GUI.SafheVorod|SafheVorod] enter to the initcom() 
%2022-04-14 10:07:21,328 [INFO|GUI.SafheVorod|SafheVorod] exit from initcom() 
%2022-04-14 10:07:21,328 [INFO|GUI.SafheVorod|SafheVorod] vorood be align() 
%2022-04-14 10:07:21,344 [INFO|GUI.SafheVorod|SafheVorod] khoroj az align() 
%2022-04-14 10:07:21,347 [INFO|GUI.SafheVorod|SafheVorod] exit from constructor 
%2022-04-14 10:07:21,362 [INFO|GUI.MainFrame|MainFrame] vorood be update 
%2022-04-14 10:07:21,368 [INFO|GUI.MainFrame|MainFrame] exit of constructor 
%2022-04-14 10:07:25,434 [INFO|GUI.SendLoginInfo|SendLoginInfo] enter to the constructor 
%2022-04-14 10:07:25,436 [INFO|LOGIC.Controller|Controller] checked login is :true 
%2022-04-14 10:07:25,437 [INFO|GUI.SafheAsli|SafheAsli] enter to the constructor 
%2022-04-14 10:07:25,438 [INFO|GUI.SafheAsli|SafheAsli] enter to the initpanel() 
%2022-04-14 10:07:25,438 [INFO|GUI.SafheAsli|SafheAsli] exit from initpanel() 
%2022-04-14 10:07:25,451 [INFO|GUI.SafheVorod|SafheVorod$4] vorood karbar 00dar zamanThu Apr 14 10:07:25 PDT 2022movafaghiat amiz bood 
%2022-04-14 10:07:27,354 [INFO|GUI.SafheAddOstad|SafheAddOstad] safhe addOstad sakhte shod 
%2022-04-14 10:07:27,358 [INFO|GUI.SafheOstad|SafheMoaven$2] enter to the addOstad 
%2022-04-14 10:07:32,856 [INFO|GUI.SafheAddDaneshjoo|SafheAddDaneshjoo] safhe addDaneshjoo sakhte shod 
%2022-04-14 10:07:32,874 [INFO|GUI.SafheOstad|SafheMoaven$1] zirmenu adduDaneshjoo 
%2022-04-14 10:07:35,584 [INFO|GUI.SafheAddOstad|SafheAddOstad] safhe addOstad sakhte shod 
%2022-04-14 10:07:35,587 [INFO|GUI.SafheOstad|SafheMoaven$2] enter to the addOstad 
%2022-04-14 10:07:36,408 [INFO|GUI.SafheAddDaneshjoo|SafheAddDaneshjoo] safhe addDaneshjoo sakhte shod 
%2022-04-14 10:07:36,413 [INFO|GUI.SafheOstad|SafheMoaven$1] zirmenu adduDaneshjoo 
%2022-04-14 10:07:39,845 [INFO|GUI.SafheAddOstad|SafheAddOstad] safhe addOstad sakhte shod 
%2022-04-14 10:07:39,847 [INFO|GUI.SafheOstad|SafheMoaven$2] enter to the addOstad 
%2022-04-14 10:07:45,243 [INFO|GUI.SafheVorod|SafheVorod] enter to the constructor 
%2022-04-14 10:07:45,243 [INFO|GUI.SafheVorod|SafheVorod] enter to the initpanel() 
%2022-04-14 10:07:45,243 [INFO|GUI.SafheVorod|SafheVorod] exit from initpanel() 
%2022-04-14 10:07:45,243 [INFO|GUI.SafheVorod|SafheVorod] enter to the initcom() 
%2022-04-14 10:07:45,254 [INFO|GUI.SafheVorod|SafheVorod] exit from initcom() 
%2022-04-14 10:07:45,254 [INFO|GUI.SafheVorod|SafheVorod] vorood be align() 
%2022-04-14 10:07:45,254 [INFO|GUI.SafheVorod|SafheVorod] khoroj az align() 
%2022-04-14 10:07:45,254 [INFO|GUI.SafheVorod|SafheVorod] exit from constructor 
%2022-04-14 10:07:50,594 [INFO|GUI.SendLoginInfo|SendLoginInfo] enter to the constructor 
%2022-04-14 10:07:50,594 [INFO|LOGIC.Controller|Controller] checked login is :true 
%2022-04-14 10:07:50,595 [INFO|GUI.SafheAsli|SafheAsli] enter to the constructor 
%2022-04-14 10:07:50,595 [INFO|GUI.SafheAsli|SafheAsli] enter to the initpanel() 
%2022-04-14 10:07:50,595 [INFO|GUI.SafheAsli|SafheAsli] exit from initpanel() 
%2022-04-14 10:07:50,598 [INFO|GUI.SafheVorod|SafheVorod$4] vorood karbar 00dar zamanThu Apr 14 10:07:50 PDT 2022movafaghiat amiz bood 
%2022-04-14 10:07:51,920 [INFO|GUI.SafheAddDaneshjoo|SafheAddDaneshjoo] safhe addDaneshjoo sakhte shod 
%2022-04-14 10:07:51,925 [INFO|GUI.SafheOstad|SafheMoaven$1] zirmenu adduDaneshjoo 
%2022-04-14 10:07:54,003 [INFO|GUI.SafheAddOstad|SafheAddOstad] safhe addOstad sakhte shod 
%2022-04-14 10:07:54,005 [INFO|GUI.SafheOstad|SafheMoaven$2] enter to the addOstad 
%2022-04-14 10:08:39,079 [INFO|GUI.MainFrame|MainFrame] enter in constructor of Mainframe 
%2022-04-14 10:08:39,080 [INFO|GUI.MainFrame|MainFrame] enter to the initframe() 
%2022-04-14 10:08:39,151 [INFO|GUI.MainFrame|MainFrame] exit of the initframe() 
%2022-04-14 10:08:39,153 [INFO|GUI.SafheVorod|SafheVorod] enter to the constructor 
%2022-04-14 10:08:39,153 [INFO|GUI.SafheVorod|SafheVorod] enter to the initpanel() 
%2022-04-14 10:08:39,154 [INFO|GUI.SafheVorod|SafheVorod] exit from initpanel() 
%2022-04-14 10:08:39,154 [INFO|GUI.SafheVorod|SafheVorod] enter to the initcom() 
%2022-04-14 10:08:39,190 [INFO|GUI.SafheVorod|SafheVorod] exit from initcom() 
%2022-04-14 10:08:39,191 [INFO|GUI.SafheVorod|SafheVorod] vorood be align() 
%2022-04-14 10:08:39,208 [INFO|GUI.SafheVorod|SafheVorod] khoroj az align() 
%2022-04-14 10:08:39,211 [INFO|GUI.SafheVorod|SafheVorod] exit from constructor 
%2022-04-14 10:08:39,224 [INFO|GUI.MainFrame|MainFrame] vorood be update 
%2022-04-14 10:08:39,229 [INFO|GUI.MainFrame|MainFrame] exit of constructor 
%2022-04-14 10:08:43,232 [INFO|GUI.SendLoginInfo|SendLoginInfo] enter to the constructor 
%2022-04-14 10:08:43,235 [INFO|LOGIC.Controller|Controller] checked login is :true 
%2022-04-14 10:08:43,236 [INFO|GUI.SafheAsli|SafheAsli] enter to the constructor 
%2022-04-14 10:08:43,236 [INFO|GUI.SafheAsli|SafheAsli] enter to the initpanel() 
%2022-04-14 10:08:43,237 [INFO|GUI.SafheAsli|SafheAsli] exit from initpanel() 
%2022-04-14 10:08:43,249 [INFO|GUI.SafheVorod|SafheVorod$4] vorood karbar 00dar zamanThu Apr 14 10:08:43 PDT 2022movafaghiat amiz bood 
%2022-04-14 10:08:44,831 [INFO|GUI.SafheAddOstad|SafheAddOstad] safhe addOstad sakhte shod 
%2022-04-14 10:08:44,836 [INFO|GUI.SafheOstad|SafheMoaven$2] enter to the addOstad 
%2022-04-14 10:08:50,486 [INFO|GUI.SafheAddOstad|SafheAddOstad] safhe addOstad sakhte shod 
%2022-04-14 10:08:50,489 [INFO|GUI.SafheOstad|SafheMoaven$2] enter to the addOstad 
%2022-04-14 10:09:06,907 [INFO|GUI.SafheAddOstad|SafheAddOstad] safhe addOstad sakhte shod 
%2022-04-14 10:09:06,909 [INFO|GUI.SafheOstad|SafheMoaven$2] enter to the addOstad 
%2022-04-14 10:15:33,490 [INFO|GUI.MainFrame|MainFrame] enter in constructor of Mainframe 
%2022-04-14 10:15:33,492 [INFO|GUI.MainFrame|MainFrame] enter to the initframe() 
%2022-04-14 10:15:33,555 [INFO|GUI.MainFrame|MainFrame] exit of the initframe() 
%2022-04-14 10:15:33,558 [INFO|GUI.SafheVorod|SafheVorod] enter to the constructor 
%2022-04-14 10:15:33,558 [INFO|GUI.SafheVorod|SafheVorod] enter to the initpanel() 
%2022-04-14 10:15:33,559 [INFO|GUI.SafheVorod|SafheVorod] exit from initpanel() 
%2022-04-14 10:15:33,559 [INFO|GUI.SafheVorod|SafheVorod] enter to the initcom() 
%2022-04-14 10:15:33,583 [INFO|GUI.SafheVorod|SafheVorod] exit from initcom() 
%2022-04-14 10:15:33,585 [INFO|GUI.SafheVorod|SafheVorod] vorood be align() 
%2022-04-14 10:15:33,601 [INFO|GUI.SafheVorod|SafheVorod] khoroj az align() 
%2022-04-14 10:15:33,607 [INFO|GUI.SafheVorod|SafheVorod] exit from constructor 
%2022-04-14 10:15:33,621 [INFO|GUI.MainFrame|MainFrame] vorood be update 
%2022-04-14 10:15:33,626 [INFO|GUI.MainFrame|MainFrame] exit of constructor 
%2022-04-14 10:15:38,509 [INFO|GUI.SendLoginInfo|SendLoginInfo] enter to the constructor 
%2022-04-14 10:15:38,511 [INFO|LOGIC.Controller|Controller] checked login is :true 
%2022-04-14 10:15:38,511 [INFO|GUI.SafheAsli|SafheAsli] enter to the constructor 
%2022-04-14 10:15:38,512 [INFO|GUI.SafheAsli|SafheAsli] enter to the initpanel() 
%2022-04-14 10:15:38,512 [INFO|GUI.SafheAsli|SafheAsli] exit from initpanel() 
%2022-04-14 10:15:38,526 [INFO|GUI.SafheVorod|SafheVorod$4] vorood karbar 00dar zamanThu Apr 14 10:15:38 PDT 2022movafaghiat amiz bood 
%2022-04-14 10:16:34,730 [INFO|GUI.MainFrame|MainFrame] enter in constructor of Mainframe 
%2022-04-14 10:16:34,732 [INFO|GUI.MainFrame|MainFrame] enter to the initframe() 
%2022-04-14 10:16:34,800 [INFO|GUI.MainFrame|MainFrame] exit of the initframe() 
%2022-04-14 10:16:34,804 [INFO|GUI.SafheVorod|SafheVorod] enter to the constructor 
%2022-04-14 10:16:34,805 [INFO|GUI.SafheVorod|SafheVorod] enter to the initpanel() 
%2022-04-14 10:16:34,806 [INFO|GUI.SafheVorod|SafheVorod] exit from initpanel() 
%2022-04-14 10:16:34,806 [INFO|GUI.SafheVorod|SafheVorod] enter to the initcom() 
%2022-04-14 10:16:34,839 [INFO|GUI.SafheVorod|SafheVorod] exit from initcom() 
%2022-04-14 10:16:34,839 [INFO|GUI.SafheVorod|SafheVorod] vorood be align() 
%2022-04-14 10:16:34,855 [INFO|GUI.SafheVorod|SafheVorod] khoroj az align() 
%2022-04-14 10:16:34,858 [INFO|GUI.SafheVorod|SafheVorod] exit from constructor 
%2022-04-14 10:16:34,872 [INFO|GUI.MainFrame|MainFrame] vorood be update 
%2022-04-14 10:16:34,877 [INFO|GUI.MainFrame|MainFrame] exit of constructor 
%2022-04-14 10:16:38,145 [INFO|GUI.SendLoginInfo|SendLoginInfo] enter to the constructor 
%2022-04-14 10:16:38,147 [INFO|LOGIC.Controller|Controller] checked login is :true 
%2022-04-14 10:16:38,149 [INFO|GUI.SafheAsli|SafheAsli] enter to the constructor 
%2022-04-14 10:16:38,149 [INFO|GUI.SafheAsli|SafheAsli] enter to the initpanel() 
%2022-04-14 10:16:38,149 [INFO|GUI.SafheAsli|SafheAsli] exit from initpanel() 
%2022-04-14 10:16:38,152 [INFO|GUI.SafheDaneshjoo|SafheDaneshjoo] table being initializing 
%2022-04-14 10:16:38,202 [INFO|GUI.SafheDaneshjoo|SafheDaneshjoo] initializing table has finished 
%2022-04-14 10:16:38,210 [INFO|GUI.SafheVorod|SafheVorod$4] vorood karbar 0dar zamanThu Apr 14 10:16:38 PDT 2022movafaghiat amiz bood 
%2022-04-14 10:17:30,052 [INFO|GUI.MainFrame|MainFrame] enter in constructor of Mainframe 
%2022-04-14 10:17:30,054 [INFO|GUI.MainFrame|MainFrame] enter to the initframe() 
%2022-04-14 10:17:30,123 [INFO|GUI.MainFrame|MainFrame] exit of the initframe() 
%2022-04-14 10:17:30,127 [INFO|GUI.SafheVorod|SafheVorod] enter to the constructor 
%2022-04-14 10:17:30,127 [INFO|GUI.SafheVorod|SafheVorod] enter to the initpanel() 
%2022-04-14 10:17:30,127 [INFO|GUI.SafheVorod|SafheVorod] exit from initpanel() 
%2022-04-14 10:17:30,127 [INFO|GUI.SafheVorod|SafheVorod] enter to the initcom() 
%2022-04-14 10:17:30,163 [INFO|GUI.SafheVorod|SafheVorod] exit from initcom() 
%2022-04-14 10:17:30,163 [INFO|GUI.SafheVorod|SafheVorod] vorood be align() 
%2022-04-14 10:17:30,180 [INFO|GUI.SafheVorod|SafheVorod] khoroj az align() 
%2022-04-14 10:17:30,182 [INFO|GUI.SafheVorod|SafheVorod] exit from constructor 
%2022-04-14 10:17:30,196 [INFO|GUI.MainFrame|MainFrame] vorood be update 
%2022-04-14 10:17:30,201 [INFO|GUI.MainFrame|MainFrame] exit of constructor 
%2022-04-14 10:17:32,375 [INFO|GUI.MainFrame|MainFrame] vorood be update 
%2022-04-14 10:17:32,376 [INFO|GUI.SafheVorod|SafheVorod$3] new capcha is :xoeand counter is1 
%2022-04-14 10:17:37,054 [INFO|GUI.SendLoginInfo|SendLoginInfo] enter to the constructor 
%2022-04-14 10:17:37,057 [INFO|LOGIC.Controller|Controller] checked login is :true 
%2022-04-14 10:17:37,058 [INFO|GUI.SafheAsli|SafheAsli] enter to the constructor 
%2022-04-14 10:17:37,059 [INFO|GUI.SafheAsli|SafheAsli] enter to the initpanel() 
%2022-04-14 10:17:37,059 [INFO|GUI.SafheAsli|SafheAsli] exit from initpanel() 
%2022-04-14 10:17:37,062 [INFO|GUI.SafheDaneshjoo|SafheDaneshjoo] table being initializing 
%2022-04-14 10:17:37,074 [INFO|GUI.SafheDaneshjoo|SafheDaneshjoo] initializing table has finished 
%2022-04-14 10:17:37,083 [INFO|GUI.SafheVorod|SafheVorod$4] vorood karbar 0dar zamanThu Apr 14 10:17:37 PDT 2022movafaghiat amiz bood 
%2022-04-14 10:24:12,214 [INFO|GUI.MainFrame|MainFrame] enter in constructor of Mainframe 
%2022-04-14 10:24:12,215 [INFO|GUI.MainFrame|MainFrame] enter to the initframe() 
%2022-04-14 10:24:12,280 [INFO|GUI.MainFrame|MainFrame] exit of the initframe() 
%2022-04-14 10:24:12,283 [INFO|GUI.SafheVorod|SafheVorod] enter to the constructor 
%2022-04-14 10:24:12,284 [INFO|GUI.SafheVorod|SafheVorod] enter to the initpanel() 
%2022-04-14 10:24:12,284 [INFO|GUI.SafheVorod|SafheVorod] exit from initpanel() 
%2022-04-14 10:24:12,284 [INFO|GUI.SafheVorod|SafheVorod] enter to the initcom() 
%2022-04-14 10:24:12,315 [INFO|GUI.SafheVorod|SafheVorod] exit from initcom() 
%2022-04-14 10:24:12,316 [INFO|GUI.SafheVorod|SafheVorod] vorood be align() 
%2022-04-14 10:24:12,332 [INFO|GUI.SafheVorod|SafheVorod] khoroj az align() 
%2022-04-14 10:24:12,334 [INFO|GUI.SafheVorod|SafheVorod] exit from constructor 
%2022-04-14 10:24:12,348 [INFO|GUI.MainFrame|MainFrame] vorood be update 
%2022-04-14 10:24:12,353 [INFO|GUI.MainFrame|MainFrame] exit of constructor 
%2022-04-14 10:24:31,609 [INFO|GUI.MainFrame|MainFrame] enter in constructor of Mainframe 
%2022-04-14 10:24:31,611 [INFO|GUI.MainFrame|MainFrame] enter to the initframe() 
%2022-04-14 10:24:31,697 [INFO|GUI.MainFrame|MainFrame] exit of the initframe() 
%2022-04-14 10:24:31,701 [INFO|GUI.SafheVorod|SafheVorod] enter to the constructor 
%2022-04-14 10:24:31,702 [INFO|GUI.SafheVorod|SafheVorod] enter to the initpanel() 
%2022-04-14 10:24:31,702 [INFO|GUI.SafheVorod|SafheVorod] exit from initpanel() 
%2022-04-14 10:24:31,702 [INFO|GUI.SafheVorod|SafheVorod] enter to the initcom() 
%2022-04-14 10:24:31,754 [INFO|GUI.SafheVorod|SafheVorod] exit from initcom() 
%2022-04-14 10:24:31,754 [INFO|GUI.SafheVorod|SafheVorod] vorood be align() 
%2022-04-14 10:24:31,784 [INFO|GUI.SafheVorod|SafheVorod] khoroj az align() 
%2022-04-14 10:24:31,789 [INFO|GUI.SafheVorod|SafheVorod] exit from constructor 
%2022-04-14 10:24:31,807 [INFO|GUI.MainFrame|MainFrame] vorood be update 
%2022-04-14 10:24:31,813 [INFO|GUI.MainFrame|MainFrame] exit of constructor 
%2022-04-14 10:24:37,028 [INFO|GUI.MainFrame|MainFrame] enter in constructor of Mainframe 
%2022-04-14 10:24:37,029 [INFO|GUI.MainFrame|MainFrame] enter to the initframe() 
%2022-04-14 10:24:37,091 [INFO|GUI.MainFrame|MainFrame] exit of the initframe() 
%2022-04-14 10:24:37,094 [INFO|GUI.SafheVorod|SafheVorod] enter to the constructor 
%2022-04-14 10:24:37,094 [INFO|GUI.SafheVorod|SafheVorod] enter to the initpanel() 
%2022-04-14 10:24:37,095 [INFO|GUI.SafheVorod|SafheVorod] exit from initpanel() 
%2022-04-14 10:24:37,095 [INFO|GUI.SafheVorod|SafheVorod] enter to the initcom() 
%2022-04-14 10:24:37,124 [INFO|GUI.SafheVorod|SafheVorod] exit from initcom() 
%2022-04-14 10:24:37,124 [INFO|GUI.SafheVorod|SafheVorod] vorood be align() 
%2022-04-14 10:24:37,141 [INFO|GUI.SafheVorod|SafheVorod] khoroj az align() 
%2022-04-14 10:24:37,144 [INFO|GUI.SafheVorod|SafheVorod] exit from constructor 
%2022-04-14 10:24:37,160 [INFO|GUI.MainFrame|MainFrame] vorood be update 
%2022-04-14 10:24:37,166 [INFO|GUI.MainFrame|MainFrame] exit of constructor 
%2022-04-14 10:24:40,953 [INFO|GUI.SendLoginInfo|SendLoginInfo] enter to the constructor 
%2022-04-14 10:24:40,955 [INFO|LOGIC.Controller|Controller] checked login is :true 
%2022-04-14 10:24:40,957 [INFO|GUI.SafheAsli|SafheAsli] enter to the constructor 
%2022-04-14 10:24:40,958 [INFO|GUI.SafheAsli|SafheAsli] enter to the initpanel() 
%2022-04-14 10:24:40,958 [INFO|GUI.SafheAsli|SafheAsli] exit from initpanel() 
%2022-04-14 10:24:40,973 [INFO|GUI.SafheVorod|SafheVorod$4] vorood karbar 00dar zamanThu Apr 14 10:24:40 PDT 2022movafaghiat amiz bood 
%2022-04-14 10:24:43,055 [INFO|GUI.SafheAddOstad|SafheAddOstad] safhe addOstad sakhte shod 
%2022-04-14 10:24:43,059 [INFO|GUI.SafheOstad|SafheMoaven$2] enter to the addOstad 
%2022-04-14 10:24:46,759 [INFO|GUI.SafheAddDaneshjoo|SafheAddDaneshjoo] safhe addDaneshjoo sakhte shod 
%2022-04-14 10:24:46,777 [INFO|GUI.SafheOstad|SafheMoaven$1] zirmenu adduDaneshjoo 
%2022-04-14 10:24:48,879 [INFO|GUI.SafheAddOstad|SafheAddOstad] safhe addOstad sakhte shod 
%2022-04-14 10:24:48,881 [INFO|GUI.SafheOstad|SafheMoaven$2] enter to the addOstad 
%2022-04-14 10:24:52,804 [INFO|GUI.SafheAddDaneshjoo|SafheAddDaneshjoo] safhe addDaneshjoo sakhte shod 
%2022-04-14 10:24:52,808 [INFO|GUI.SafheOstad|SafheMoaven$1] zirmenu adduDaneshjoo 
%2022-04-14 10:24:53,649 [INFO|GUI.SafheAddOstad|SafheAddOstad] safhe addOstad sakhte shod 
%2022-04-14 10:24:53,651 [INFO|GUI.SafheOstad|SafheMoaven$2] enter to the addOstad 
%2022-04-14 10:24:54,511 [INFO|GUI.SafheAddDaneshjoo|SafheAddDaneshjoo] safhe addDaneshjoo sakhte shod 
%2022-04-14 10:24:54,514 [INFO|GUI.SafheOstad|SafheMoaven$1] zirmenu adduDaneshjoo 
%2022-04-14 10:24:55,916 [INFO|GUI.SafheAddOstad|SafheAddOstad] safhe addOstad sakhte shod 
%2022-04-14 10:24:55,918 [INFO|GUI.SafheOstad|SafheMoaven$2] enter to the addOstad 
%